2025-03-14 23:09:23,287 : INFO : root : Loading config.
2025-03-14 23:09:23,296 : INFO : YamlMultifileConfigLoader : Machine config file #1: config.yaml
2025-03-14 23:09:23,298 : INFO : ConfigProcessor : Loading config from cache: C:\Users\User\AppData\Local\Temp\5682b9bdeb2b9ad8a31c13560e038609.mpf_cache
2025-03-14 23:09:23,321 : WARNING : ConfigProcessor : Config file in cache changed: C:\Users\User\Desktop\fast_homebrew_godot_v2\fast_homebrew_godot_v2\config\switches.yaml
2025-03-14 23:09:23,321 : INFO : ConfigProcessor : Loading config from file C:\Users\User\AppData\Local\Programs\Python\Python312\Lib\site-packages\mpf\mpfconfig.yaml.
2025-03-14 23:09:23,353 : INFO : ConfigProcessor : Loading config: C:\Users\User\AppData\Local\Programs\Python\Python312\Lib\site-packages\mpf\mpfconfig.yaml
2025-03-14 23:09:23,354 : INFO : ConfigProcessor : Loading config from file C:\Users\User\Desktop\fast_homebrew_godot_v2\fast_homebrew_godot_v2\config\config.yaml.
2025-03-14 23:09:23,359 : INFO : ConfigProcessor : Loading config: C:\Users\User\Desktop\fast_homebrew_godot_v2\fast_homebrew_godot_v2\config\config.yaml
2025-03-14 23:09:23,360 : INFO : ConfigProcessor : Loading config: C:\Users\User\Desktop\fast_homebrew_godot_v2\fast_homebrew_godot_v2\config\lights.yaml
2025-03-14 23:09:23,366 : INFO : ConfigProcessor : Loading config: C:\Users\User\Desktop\fast_homebrew_godot_v2\fast_homebrew_godot_v2\config\coils.yaml
2025-03-14 23:09:23,370 : INFO : ConfigProcessor : Loading config: C:\Users\User\Desktop\fast_homebrew_godot_v2\fast_homebrew_godot_v2\config\switches.yaml
2025-03-14 23:09:23,373 : INFO : ConfigProcessor : Loading config: C:\Users\User\Desktop\fast_homebrew_godot_v2\fast_homebrew_godot_v2\config\images.yaml
2025-03-14 23:09:23,375 : INFO : ConfigProcessor : Loading config: C:\Users\User\Desktop\fast_homebrew_godot_v2\fast_homebrew_godot_v2\config\videos.yaml
2025-03-14 23:09:23,377 : INFO : ConfigProcessor : Config file cache created: C:\Users\User\AppData\Local\Temp\5682b9bdeb2b9ad8a31c13560e038609.mpf_cache
2025-03-14 23:09:23,597 : INFO : ConfigProcessor : Loading config from cache: C:\Users\User\AppData\Local\Temp\8422c6572f827355f8aade1949d04025.mpf_cache
2025-03-14 23:09:23,599 : INFO : ConfigProcessor : Loading config from cache: C:\Users\User\AppData\Local\Temp\1c0e7e9816717d8e62c4728dfe372999.mpf_cache
2025-03-14 23:09:23,601 : INFO : ConfigProcessor : Loading config from cache: C:\Users\User\AppData\Local\Temp\e3e8065d662ad307fa9574659e7e4e8e.mpf_cache
2025-03-14 23:09:23,603 : INFO : ConfigProcessor : Loading config from cache: C:\Users\User\AppData\Local\Temp\8422c6572f827355f8aade1949d04025.mpf_cache
2025-03-14 23:09:23,604 : INFO : Machine : Mission Pinball Framework Core Engine v0.80.0.dev6
2025-03-14 23:09:23,605 : INFO : Machine : Command line arguments: {'no_load_cache': False, 'create_config_cache': True, 'bcp': False, 'configfile': ['config.yaml'], 'force_assets_load': False, 'platform_integration_test': False, 'jsonlogging': False, 'logfile': 'logs\\2025-03-14-23-09-23-mpf-BERNIE.log', 'pause': False, 'production': False, 'text_ui': False, 'loglevel': 15, 'consoleloglevel': 20, 'force_platform': None, 'syslog_address': None, 'full_logfile_path': 'C:\\Users\\User\\Desktop\\fast_homebrew_godot_v2\\fast_homebrew_godot_v2\\logs\\2025-03-14-23-09-23-mpf-BERNIE.log'}
2025-03-14 23:09:23,605 : INFO : Machine : MPF path: C:\Users\User\AppData\Local\Programs\Python\Python312\Lib\site-packages\mpf
2025-03-14 23:09:23,605 : INFO : Machine : Machine path: C:\Users\User\Desktop\fast_homebrew_godot_v2\fast_homebrew_godot_v2
2025-03-14 23:09:23,605 : INFO : Machine : Platform: win32
2025-03-14 23:09:23,605 : INFO : Machine : Python executable location: C:\Users\User\AppData\Local\Programs\Python\Python312\python.exe
2025-03-14 23:09:23,605 : INFO : Machine : Python version: 3.12.3 (64-bit)
2025-03-14 23:09:23,610 : INFO : Machine : Initializing MPF...
2025-03-14 23:09:23,861 : INFO : FAST : Auto-detecting ports for the following connections: ['net']
2025-03-14 23:09:23,921 : INFO : FAST : Detected NET on port COM5
2025-03-14 23:09:24,037 : INFO : FAST [NET] : Trying to connect to COM5 at 921600bps
2025-03-14 23:09:24,043 : INFO : FAST [NET] : Connected to COM5 at 921600bps
2025-03-14 23:09:24,053 : INFO : FAST [NET] : Connected to FP-CPU-2000 with firmware v02.26
2025-03-14 23:09:24,069 : INFO : FAST [NET] : Registered I/O Board 0: Model: FP-I/O-3208, Firmware: 01.10, Switches: 32, Drivers: 8
2025-03-14 23:09:24,072 : INFO : EventManager : Event: ======'machine_var_credits_string'====== Args={'value': 'FREE PLAY', 'prev_value': None, 'change': True}
2025-03-14 23:09:24,181 : INFO : EventManager : Event: ======'machine_var_master_volume'====== Args={'value': 0.5, 'prev_value': None, 'change': True}
2025-03-14 23:09:24,181 : INFO : EventManager : Event: ======'machine_var_mpf_version'====== Args={'value': 'Mission Pinball Framework v0.80.0.dev6', 'prev_value': None, 'change': True}
2025-03-14 23:09:24,182 : INFO : EventManager : Event: ======'machine_var_mpf_extended_version'====== Args={'value': 'Mission Pinball Framework v0.80.0.dev6, Config version:6, Show version: 6, BCP version:1.1', 'prev_value': None, 'change': True}
2025-03-14 23:09:24,182 : INFO : EventManager : Event: ======'machine_var_python_version'====== Args={'value': '3.12.3', 'prev_value': None, 'change': True}
2025-03-14 23:09:24,739 : INFO : EventManager : Event: ======'machine_var_platform'====== Args={'value': 'Windows-11-10.0.22631-SP0', 'prev_value': None, 'change': True}
2025-03-14 23:09:24,740 : INFO : EventManager : Event: ======'machine_var_platform_system'====== Args={'value': 'Windows', 'prev_value': None, 'change': True}
2025-03-14 23:09:24,740 : INFO : EventManager : Event: ======'machine_var_platform_release'====== Args={'value': '11', 'prev_value': None, 'change': True}
2025-03-14 23:09:24,740 : INFO : EventManager : Event: ======'machine_var_platform_version'====== Args={'value': '10.0.22631', 'prev_value': None, 'change': True}
2025-03-14 23:09:24,740 : INFO : EventManager : Event: ======'machine_var_platform_machine'====== Args={'value': 'AMD64', 'prev_value': None, 'change': True}
2025-03-14 23:09:24,740 : INFO : EventManager : Event: ======'machine_var_log_file_path'====== Args={'value': 'C:\\Users\\User\\Desktop\\fast_homebrew_godot_v2\\fast_homebrew_godot_v2\\logs\\2025-03-14-23-09-23-mpf-BERNIE.log', 'prev_value': None, 'change': True}
2025-03-14 23:09:24,740 : INFO : EventManager : Event: ======'init_phase_1'====== Args={}
2025-03-14 23:09:27,230 : INFO : SwitchController : <<<<<<< 's_trough_ball_jam' active >>>>>>>
2025-03-14 23:09:27,231 : INFO : SwitchController : <<<<<<< 's_trough_ball_1' active >>>>>>>
2025-03-14 23:09:27,231 : INFO : SwitchController : <<<<<<< 's_flipper_right' active >>>>>>>
2025-03-14 23:09:27,231 : INFO : SwitchController : <<<<<<< 's_eject_confirm' active >>>>>>>
2025-03-14 23:09:27,232 : INFO : EventManager : Event: ======'init_phase_2'====== Args={}
2025-03-14 23:09:27,232 : INFO : SwitchController : Found active switch: (6, [FAST Platform Interface]) <switch.s_trough_ball_jam>
2025-03-14 23:09:27,233 : INFO : SwitchController : Found active switch: (0, [FAST Platform Interface]) <switch.s_trough_ball_1>
2025-03-14 23:09:27,233 : INFO : SwitchController : Found active switch: (31, [FAST Platform Interface]) <switch.s_flipper_right>
2025-03-14 23:09:27,233 : INFO : SwitchController : Found active switch: (21, [FAST Platform Interface]) <switch.s_eject_confirm>
2025-03-14 23:09:27,731 : INFO : ball_device.bd_trough : BCH: Initial count: 1
2025-03-14 23:09:27,732 : INFO : ball_device.bd_trough : State: idle
2025-03-14 23:09:27,733 : INFO : ball_device.bd_plunger : BCH: Initial count: 0
2025-03-14 23:09:27,733 : INFO : ball_device.bd_plunger : State: idle
2025-03-14 23:09:27,759 : INFO : EventManager : Event: ======'init_phase_3'====== Args={}
2025-03-14 23:09:27,765 : INFO : EventManager : Event: ======'init_phase_4'====== Args={}
2025-03-14 23:09:27,766 : INFO : BallController : Initial balls found: 1
2025-03-14 23:09:27,769 : INFO : EventManager : Event: ======'machine_var_audits_events_game_ended'====== Args={'value': 0, 'prev_value': None, 'change': True}
2025-03-14 23:09:27,769 : INFO : EventManager : Event: ======'machine_var_audits_events_game_started'====== Args={'value': 399, 'prev_value': None, 'change': True}
2025-03-14 23:09:27,769 : INFO : EventManager : Event: ======'machine_var_audits_missing_switches_s_eject_confirm'====== Args={'value': 2, 'prev_value': None, 'change': True}
2025-03-14 23:09:27,769 : INFO : EventManager : Event: ======'machine_var_audits_missing_switches_s_flipper_left'====== Args={'value': 3, 'prev_value': None, 'change': True}
2025-03-14 23:09:27,769 : INFO : EventManager : Event: ======'machine_var_audits_missing_switches_s_flipper_left_lower_eos'====== Args={'value': 3, 'prev_value': None, 'change': True}
2025-03-14 23:09:27,769 : INFO : EventManager : Event: ======'machine_var_audits_missing_switches_s_flipper_left_upper_eos'====== Args={'value': 3, 'prev_value': None, 'change': True}
2025-03-14 23:09:27,769 : INFO : EventManager : Event: ======'machine_var_audits_missing_switches_s_flipper_right'====== Args={'value': 10, 'prev_value': None, 'change': True}
2025-03-14 23:09:27,770 : INFO : EventManager : Event: ======'machine_var_audits_missing_switches_s_flipper_right_eos'====== Args={'value': 7, 'prev_value': None, 'change': True}
2025-03-14 23:09:27,770 : INFO : EventManager : Event: ======'machine_var_audits_missing_switches_s_launch'====== Args={'value': 6, 'prev_value': None, 'change': True}
2025-03-14 23:09:27,770 : INFO : EventManager : Event: ======'machine_var_audits_missing_switches_s_left_flipper'====== Args={'value': 363, 'prev_value': None, 'change': True}
2025-03-14 23:09:27,770 : INFO : EventManager : Event: ======'machine_var_audits_missing_switches_s_left_flipper_eos'====== Args={'value': 363, 'prev_value': None, 'change': True}
2025-03-14 23:09:27,770 : INFO : EventManager : Event: ======'machine_var_audits_missing_switches_s_left_inlane'====== Args={'value': 6, 'prev_value': None, 'change': True}
2025-03-14 23:09:27,770 : INFO : EventManager : Event: ======'machine_var_audits_missing_switches_s_left_inner_lane'====== Args={'value': 357, 'prev_value': None, 'change': True}
2025-03-14 23:09:27,770 : INFO : EventManager : Event: ======'machine_var_audits_missing_switches_s_left_outer_lane'====== Args={'value': 153, 'prev_value': None, 'change': True}
2025-03-14 23:09:27,770 : INFO : EventManager : Event: ======'machine_var_audits_missing_switches_s_left_outlane'====== Args={'value': 6, 'prev_value': None, 'change': True}
2025-03-14 23:09:27,770 : INFO : EventManager : Event: ======'machine_var_audits_missing_switches_s_left_sling'====== Args={'value': 363, 'prev_value': None, 'change': True}
2025-03-14 23:09:27,770 : INFO : EventManager : Event: ======'machine_var_audits_missing_switches_s_mead'====== Args={'value': 267, 'prev_value': None, 'change': True}
2025-03-14 23:09:27,771 : INFO : EventManager : Event: ======'machine_var_audits_missing_switches_s_percy'====== Args={'value': 85, 'prev_value': None, 'change': True}
2025-03-14 23:09:27,771 : INFO : EventManager : Event: ======'machine_var_audits_missing_switches_s_plunger'====== Args={'value': 7, 'prev_value': None, 'change': True}
2025-03-14 23:09:27,771 : INFO : EventManager : Event: ======'machine_var_audits_missing_switches_s_pop_bumper_1'====== Args={'value': 357, 'prev_value': None, 'change': True}
2025-03-14 23:09:27,771 : INFO : EventManager : Event: ======'machine_var_audits_missing_switches_s_pop_bumper_2'====== Args={'value': 357, 'prev_value': None, 'change': True}
2025-03-14 23:09:27,771 : INFO : EventManager : Event: ======'machine_var_audits_missing_switches_s_pop_bumper_3'====== Args={'value': 357, 'prev_value': None, 'change': True}
2025-03-14 23:09:27,771 : INFO : EventManager : Event: ======'machine_var_audits_missing_switches_s_right_flipper'====== Args={'value': 363, 'prev_value': None, 'change': True}
2025-03-14 23:09:27,771 : INFO : EventManager : Event: ======'machine_var_audits_missing_switches_s_right_flipper_eos'====== Args={'value': 363, 'prev_value': None, 'change': True}
2025-03-14 23:09:27,771 : INFO : EventManager : Event: ======'machine_var_audits_missing_switches_s_right_inlane'====== Args={'value': 6, 'prev_value': None, 'change': True}
2025-03-14 23:09:27,771 : INFO : EventManager : Event: ======'machine_var_audits_missing_switches_s_right_inner_lane'====== Args={'value': 357, 'prev_value': None, 'change': True}
2025-03-14 23:09:27,771 : INFO : EventManager : Event: ======'machine_var_audits_missing_switches_s_right_outer_lane'====== Args={'value': 357, 'prev_value': None, 'change': True}
2025-03-14 23:09:27,772 : INFO : EventManager : Event: ======'machine_var_audits_missing_switches_s_right_outlane'====== Args={'value': 6, 'prev_value': None, 'change': True}
2025-03-14 23:09:27,772 : INFO : EventManager : Event: ======'machine_var_audits_missing_switches_s_right_sling'====== Args={'value': 363, 'prev_value': None, 'change': True}
2025-03-14 23:09:27,772 : INFO : EventManager : Event: ======'machine_var_audits_missing_switches_s_scanlan'====== Args={'value': 204, 'prev_value': None, 'change': True}
2025-03-14 23:09:27,772 : INFO : EventManager : Event: ======'machine_var_audits_missing_switches_s_trough_ball_1'====== Args={'value': 373, 'prev_value': None, 'change': True}
2025-03-14 23:09:27,772 : INFO : EventManager : Event: ======'machine_var_audits_missing_switches_s_trough_ball_2'====== Args={'value': 7, 'prev_value': None, 'change': True}
2025-03-14 23:09:27,772 : INFO : EventManager : Event: ======'machine_var_audits_missing_switches_s_trough_ball_3'====== Args={'value': 7, 'prev_value': None, 'change': True}
2025-03-14 23:09:27,772 : INFO : EventManager : Event: ======'machine_var_audits_missing_switches_s_trough_ball_4'====== Args={'value': 7, 'prev_value': None, 'change': True}
2025-03-14 23:09:27,772 : INFO : EventManager : Event: ======'machine_var_audits_missing_switches_s_trough_ball_5'====== Args={'value': 7, 'prev_value': None, 'change': True}
2025-03-14 23:09:27,772 : INFO : EventManager : Event: ======'machine_var_audits_missing_switches_s_trough_ball_6'====== Args={'value': 7, 'prev_value': None, 'change': True}
2025-03-14 23:09:27,772 : INFO : EventManager : Event: ======'machine_var_audits_missing_switches_s_trough_ball_jam'====== Args={'value': 373, 'prev_value': None, 'change': True}
2025-03-14 23:09:27,773 : INFO : EventManager : Event: ======'machine_var_audits_player_score'====== Args={'value': {'average': 0, 'top': [], 'total': 0}, 'prev_value': None, 'change': True}
2025-03-14 23:09:27,773 : INFO : EventManager : Event: ======'machine_var_audits_shots_mead_shot'====== Args={'value': 223, 'prev_value': None, 'change': True}
2025-03-14 23:09:27,773 : INFO : EventManager : Event: ======'machine_var_audits_shots_percy_shot'====== Args={'value': 56, 'prev_value': None, 'change': True}
2025-03-14 23:09:27,773 : INFO : EventManager : Event: ======'machine_var_audits_shots_scanlan_shot'====== Args={'value': 121, 'prev_value': None, 'change': True}
2025-03-14 23:09:27,773 : INFO : EventManager : Event: ======'machine_var_audits_shots_video_shot_1'====== Args={'value': 24, 'prev_value': None, 'change': True}
2025-03-14 23:09:27,773 : INFO : EventManager : Event: ======'machine_var_audits_shots_video_shot_2'====== Args={'value': 20, 'prev_value': None, 'change': True}
2025-03-14 23:09:27,773 : INFO : EventManager : Event: ======'machine_var_audits_switches_s_auto_launcher'====== Args={'value': 0, 'prev_value': None, 'change': True}
2025-03-14 23:09:27,773 : INFO : EventManager : Event: ======'machine_var_audits_switches_s_ball_drain'====== Args={'value': 0, 'prev_value': None, 'change': True}
2025-03-14 23:09:27,773 : INFO : EventManager : Event: ======'machine_var_audits_switches_s_eject_confirm'====== Args={'value': 0, 'prev_value': None, 'change': True}
2025-03-14 23:09:27,773 : INFO : EventManager : Event: ======'machine_var_audits_switches_s_flipper_left'====== Args={'value': 15, 'prev_value': None, 'change': True}
2025-03-14 23:09:27,774 : INFO : EventManager : Event: ======'machine_var_audits_switches_s_flipper_left_lower_eos'====== Args={'value': 6, 'prev_value': None, 'change': True}
2025-03-14 23:09:27,774 : INFO : EventManager : Event: ======'machine_var_audits_switches_s_flipper_left_upper_eos'====== Args={'value': 5, 'prev_value': None, 'change': True}
2025-03-14 23:09:27,774 : INFO : EventManager : Event: ======'machine_var_audits_switches_s_flipper_right'====== Args={'value': 0, 'prev_value': None, 'change': True}
2025-03-14 23:09:27,774 : INFO : EventManager : Event: ======'machine_var_audits_switches_s_flipper_right_eos'====== Args={'value': 3, 'prev_value': None, 'change': True}
2025-03-14 23:09:27,774 : INFO : EventManager : Event: ======'machine_var_audits_switches_s_launch'====== Args={'value': 0, 'prev_value': None, 'change': True}
2025-03-14 23:09:27,774 : INFO : EventManager : Event: ======'machine_var_audits_switches_s_left_flipper'====== Args={'value': 36, 'prev_value': None, 'change': True}
2025-03-14 23:09:27,774 : INFO : EventManager : Event: ======'machine_var_audits_switches_s_left_flipper_eos'====== Args={'value': 0, 'prev_value': None, 'change': True}
2025-03-14 23:09:27,774 : INFO : EventManager : Event: ======'machine_var_audits_switches_s_left_inlane'====== Args={'value': 0, 'prev_value': None, 'change': True}
2025-03-14 23:09:27,775 : INFO : EventManager : Event: ======'machine_var_audits_switches_s_left_inner_lane'====== Args={'value': 0, 'prev_value': None, 'change': True}
2025-03-14 23:09:27,775 : INFO : EventManager : Event: ======'machine_var_audits_switches_s_left_outer_lane'====== Args={'value': 0, 'prev_value': None, 'change': True}
2025-03-14 23:09:27,775 : INFO : EventManager : Event: ======'machine_var_audits_switches_s_left_outlane'====== Args={'value': 0, 'prev_value': None, 'change': True}
2025-03-14 23:09:27,775 : INFO : EventManager : Event: ======'machine_var_audits_switches_s_left_sling'====== Args={'value': 7, 'prev_value': None, 'change': True}
2025-03-14 23:09:27,775 : INFO : EventManager : Event: ======'machine_var_audits_switches_s_mead'====== Args={'value': 0, 'prev_value': None, 'change': True}
2025-03-14 23:09:27,775 : INFO : EventManager : Event: ======'machine_var_audits_switches_s_percy'====== Args={'value': 0, 'prev_value': None, 'change': True}
2025-03-14 23:09:27,775 : INFO : EventManager : Event: ======'machine_var_audits_switches_s_plunger'====== Args={'value': 12, 'prev_value': None, 'change': True}
2025-03-14 23:09:27,775 : INFO : EventManager : Event: ======'machine_var_audits_switches_s_pop_bumper_1'====== Args={'value': 0, 'prev_value': None, 'change': True}
2025-03-14 23:09:27,775 : INFO : EventManager : Event: ======'machine_var_audits_switches_s_pop_bumper_2'====== Args={'value': 0, 'prev_value': None, 'change': True}
2025-03-14 23:09:27,775 : INFO : EventManager : Event: ======'machine_var_audits_switches_s_pop_bumper_3'====== Args={'value': 0, 'prev_value': None, 'change': True}
2025-03-14 23:09:27,776 : INFO : EventManager : Event: ======'machine_var_audits_switches_s_right_flipper'====== Args={'value': 131, 'prev_value': None, 'change': True}
2025-03-14 23:09:27,776 : INFO : EventManager : Event: ======'machine_var_audits_switches_s_right_flipper_eos'====== Args={'value': 0, 'prev_value': None, 'change': True}
2025-03-14 23:09:27,776 : INFO : EventManager : Event: ======'machine_var_audits_switches_s_right_inlane'====== Args={'value': 0, 'prev_value': None, 'change': True}
2025-03-14 23:09:27,776 : INFO : EventManager : Event: ======'machine_var_audits_switches_s_right_inner_lane'====== Args={'value': 0, 'prev_value': None, 'change': True}
2025-03-14 23:09:27,776 : INFO : EventManager : Event: ======'machine_var_audits_switches_s_right_outer_lane'====== Args={'value': 0, 'prev_value': None, 'change': True}
2025-03-14 23:09:27,776 : INFO : EventManager : Event: ======'machine_var_audits_switches_s_right_outlane'====== Args={'value': 0, 'prev_value': None, 'change': True}
2025-03-14 23:09:27,776 : INFO : EventManager : Event: ======'machine_var_audits_switches_s_right_sling'====== Args={'value': 3, 'prev_value': None, 'change': True}
2025-03-14 23:09:27,776 : INFO : EventManager : Event: ======'machine_var_audits_switches_s_scanlan'====== Args={'value': 0, 'prev_value': None, 'change': True}
2025-03-14 23:09:27,776 : INFO : EventManager : Event: ======'machine_var_audits_switches_s_start'====== Args={'value': 102, 'prev_value': None, 'change': True}
2025-03-14 23:09:27,776 : INFO : EventManager : Event: ======'machine_var_audits_switches_s_switch_2'====== Args={'value': 0, 'prev_value': None, 'change': True}
2025-03-14 23:09:27,776 : INFO : EventManager : Event: ======'machine_var_audits_switches_s_trough_ball_1'====== Args={'value': 4, 'prev_value': None, 'change': True}
2025-03-14 23:09:27,777 : INFO : EventManager : Event: ======'machine_var_audits_switches_s_trough_ball_2'====== Args={'value': 7, 'prev_value': None, 'change': True}
2025-03-14 23:09:27,777 : INFO : EventManager : Event: ======'machine_var_audits_switches_s_trough_ball_3'====== Args={'value': 4, 'prev_value': None, 'change': True}
2025-03-14 23:09:27,777 : INFO : EventManager : Event: ======'machine_var_audits_switches_s_trough_ball_4'====== Args={'value': 3, 'prev_value': None, 'change': True}
2025-03-14 23:09:27,777 : INFO : EventManager : Event: ======'machine_var_audits_switches_s_trough_ball_5'====== Args={'value': 3, 'prev_value': None, 'change': True}
2025-03-14 23:09:27,777 : INFO : EventManager : Event: ======'machine_var_audits_switches_s_trough_ball_6'====== Args={'value': 4, 'prev_value': None, 'change': True}
2025-03-14 23:09:27,777 : INFO : EventManager : Event: ======'machine_var_audits_switches_s_trough_ball_jam'====== Args={'value': 3, 'prev_value': None, 'change': True}
2025-03-14 23:09:27,778 : INFO : EventManager : Event: ======'machine_var_audits_switches_s_trough_eject_coil'====== Args={'value': 0, 'prev_value': None, 'change': True}
2025-03-14 23:09:27,778 : INFO : EventManager : Event: ======'init_phase_5'====== Args={}
2025-03-14 23:09:27,785 : INFO : EventManager : Event: ======'init_done'====== Args={}
2025-03-14 23:09:27,786 : INFO : EventManager : Event: ======'machine_reset_phase_1'====== Args={}
2025-03-14 23:09:27,786 : INFO : EventManager : Event: ======'machine_reset_phase_2'====== Args={}
2025-03-14 23:09:27,789 : INFO : EventManager : Event: ======'machine_reset_phase_3'====== Args={}
2025-03-14 23:09:27,790 : INFO : EventManager : Event: ======'reset_complete'====== Args={}
2025-03-14 23:09:27,791 : INFO : EventManager : Event: ======'mode_attract_will_start'====== Args={}
2025-03-14 23:09:27,792 : INFO : EventManager : Event: ======'mode_attract_starting'====== Args={}
2025-03-14 23:09:27,792 : INFO : Mode.attract : Started. Priority: 10
2025-03-14 23:09:27,792 : INFO : EventManager : Event: ======'modes_active_modes_changed'====== Args={}
2025-03-14 23:09:27,792 : INFO : EventManager : Event: ======'mode_attract_started'====== Args={}
2025-03-14 23:09:27,793 : INFO : EventManager : Event: ======'collecting_balls_complete'====== Args={}
2025-03-14 23:09:27,794 : INFO : Machine : Starting the main run loop with active modes: [<Mode.attract>]
2025-03-14 23:09:27,824 : INFO : SwitchController : <<<<<<< 's_flipper_right_eos' active >>>>>>>
2025-03-14 23:09:31,086 : INFO : SwitchController : <<<<<<< 's_start' active >>>>>>>
2025-03-14 23:09:31,101 : INFO : SwitchController : <<<<<<< 's_start' inactive >>>>>>>
2025-03-14 23:09:31,102 : INFO : EventManager : Event: ======'request_to_start_game'====== Args={}
2025-03-14 23:09:31,104 : INFO : EventManager : Event: ======'game_start'====== Args={'buttons': [], 'hold_time': 0.015999999945051968}
2025-03-14 23:09:31,104 : INFO : EventManager : Event: ======'mode_game_will_start'====== Args={'buttons': [], 'hold_time': 0.015999999945051968}
2025-03-14 23:09:31,105 : INFO : EventManager : Event: ======'mode_game_starting'====== Args={'buttons': [], 'hold_time': 0.015999999945051968}
2025-03-14 23:09:31,106 : INFO : EventManager : Event: ======'mode_attract_will_stop'====== Args={}
2025-03-14 23:09:31,106 : INFO : EventManager : Event: ======'mode_attract_stopping'====== Args={}
2025-03-14 23:09:31,106 : INFO : Mode.game : Started. Priority: 20
2025-03-14 23:09:31,107 : INFO : EventManager : Event: ======'modes_active_modes_changed'====== Args={}
2025-03-14 23:09:31,107 : INFO : EventManager : Event: ======'mode_game_started'====== Args={'buttons': [], 'hold_time': 0.015999999945051968}
2025-03-14 23:09:31,108 : INFO : Mode.attract : Stopped.
2025-03-14 23:09:31,108 : INFO : EventManager : Event: ======'modes_active_modes_changed'====== Args={}
2025-03-14 23:09:31,108 : INFO : EventManager : Event: ======'mode_attract_stopped'====== Args={}
2025-03-14 23:09:31,108 : INFO : EventManager : Event: ======'clear'====== Args={'key': 'attract'}
2025-03-14 23:09:31,109 : INFO : EventManager : Event: ======'game_will_start'====== Args={}
2025-03-14 23:09:31,110 : INFO : EventManager : Event: ======'game_starting'====== Args={'game': <Mode.game>}
2025-03-14 23:09:31,118 : INFO : EventManager : Unordered handler for class <Auditor> on event game_ended with priority 1. Handlers: [RegisteredHandler(callback=<bound method Auditor.disable of <Auditor>>, priority=1, kwargs={}, key=UUID('4251ebaa-c675-4508-aad1-8ef093ee8be7'), condition=None, blocking_facility=None), RegisteredHandler(callback=<bound method Auditor._save_audits of <Auditor>>, priority=1, kwargs={}, key=UUID('e7e0c881-94a1-4e2a-a7b5-7c34fb6eea9e'), condition=None, blocking_facility=None)]. The order of those handlers is not defined and they will be executed in random order. This might lead to race conditions and potential bugs.
2025-03-14 23:09:31,119 : INFO : EventManager : Event: ======'player_add_request'====== Args={}
2025-03-14 23:09:31,119 : INFO : EventManager : Event: ======'player_will_add'====== Args={'number': 1}
2025-03-14 23:09:31,120 : INFO : EventManager : Event: ======'player_adding'====== Args={'player': <Player 1>, 'number': 1}
2025-03-14 23:09:31,120 : INFO : EventManager : Event: ======'player_added'====== Args={'player': <Player 1>, 'num': 1}
2025-03-14 23:09:31,121 : INFO : Mode.game : Player added successfully. Total players: 1
2025-03-14 23:09:31,121 : INFO : EventManager : Event: ======'player_index'====== Args={'value': 0, 'prev_value': 0, 'change': 0, 'player_num': 1}
2025-03-14 23:09:31,121 : INFO : EventManager : Event: ======'player_number'====== Args={'value': 1, 'prev_value': 1, 'change': 0, 'player_num': 1}
2025-03-14 23:09:31,121 : INFO : EventManager : Event: ======'player_score'====== Args={'value': 0, 'prev_value': 0, 'change': 0, 'player_num': 1}
2025-03-14 23:09:31,122 : INFO : EventManager : Event: ======'game_started'====== Args={}
2025-03-14 23:09:31,141 : INFO : EventManager : Event: ======'player_turn_will_start'====== Args={'player': <Player 1>, 'number': 1}
2025-03-14 23:09:31,141 : INFO : EventManager : Event: ======'player_turn_starting'====== Args={'player': <Player 1>, 'number': 1}
2025-03-14 23:09:31,142 : INFO : EventManager : Event: ======'player_ball'====== Args={'value': 1, 'prev_value': 0, 'change': 1, 'player_num': 1}
2025-03-14 23:09:31,142 : INFO : EventManager : Event: ======'player_turn_started'====== Args={'player': <Player 1>, 'number': 1}
2025-03-14 23:09:31,142 : INFO : EventManager : Event: ======'ball_will_start'====== Args={'player': 1, 'ball': 1, 'balls_remaining': 2, 'is_extra_ball': False}
2025-03-14 23:09:31,142 : INFO : EventManager : Event: ======'ball_starting'====== Args={'player': 1, 'ball': 1, 'balls_remaining': 2, 'is_extra_ball': False}
2025-03-14 23:09:31,143 : INFO : EventManager : Event: ======'balls_in_play'====== Args={'balls': 1}
2025-03-14 23:09:31,143 : INFO : EventManager : Event: ======'ball_started'====== Args={'player': 1, 'ball': 1, 'balls_remaining': 2, 'is_extra_ball': False}
2025-03-14 23:09:31,143 : INFO : EventManager : Event: ======'mode_base_will_start'====== Args={'player': 1, 'ball': 1, 'balls_remaining': 2, 'is_extra_ball': False}
2025-03-14 23:09:31,144 : ERROR : Machine : base mode's coil_player: section contains a "ball_started:" event which is also in the start_events: for the base mode. Change the coil_player: ball_started: event name to "mode_base_started:"
2025-03-14 23:09:31,144 : ERROR : asyncio : Exception in callback EventManager.process_event_queue()
handle: <Handle EventManager.process_event_queue()>
Traceback (most recent call last):
  File "C:\Users\User\AppData\Local\Programs\Python\Python312\Lib\site-packages\mpf\core\events.py", line 755, in _run_handlers
    result = handler.callback(**merged_kwargs)
             ^^^^^^^^^^^^^^^^^^^^^^^^^^^^^^^^^
  File "C:\Users\User\AppData\Local\Programs\Python\Python312\Lib\site-packages\mpf\core\mode.py", line 218, in start
    result = item.method(config=self.config.get(item.config_section, self.config),
             ^^^^^^^^^^^^^^^^^^^^^^^^^^^^^^^^^^^^^^^^^^^^^^^^^^^^^^^^^^^^^^^^^^^^^
  File "C:\Users\User\AppData\Local\Programs\Python\Python312\Lib\site-packages\mpf\core\config_player.py", line 221, in mode_start
    event_keys = self.register_player_events(config, mode, priority)
                 ^^^^^^^^^^^^^^^^^^^^^^^^^^^^^^^^^^^^^^^^^^^^^^^^^^^
  File "C:\Users\User\AppData\Local\Programs\Python\Python312\Lib\site-packages\mpf\core\config_player.py", line 307, in register_player_events
    raise ValueError(
ValueError: base mode's coil_player: section contains a "ball_started:" event which is also in the start_events: for the base mode. Change the coil_player: ball_started: event name to "mode_base_started:"

The above exception was the direct cause of the following exception:

Traceback (most recent call last):
  File "C:\Users\User\AppData\Local\Programs\Python\Python312\Lib\asyncio\events.py", line 88, in _run
    self._context.run(self._callback, *self._args)
  File "C:\Users\User\AppData\Local\Programs\Python\Python312\Lib\site-packages\mpf\core\events.py", line 846, in process_event_queue
    self._process_event(event=event[0],
  File "C:\Users\User\AppData\Local\Programs\Python\Python312\Lib\site-packages\mpf\core\events.py", line 808, in _process_event
    result = self._run_handlers(event, ev_type, kwargs)
             ^^^^^^^^^^^^^^^^^^^^^^^^^^^^^^^^^^^^^^^^^^
  File "C:\Users\User\AppData\Local\Programs\Python\Python312\Lib\site-packages\mpf\core\events.py", line 757, in _run_handlers
    raise EventHandlerException(
mpf.core.events.EventHandlerException: Exception while processing RegisteredHandler(callback=<bound method Mode.start of <Mode.base>>, priority=100, kwargs={}, key=UUID('b6194ce5-2b99-43e5-a6e0-43841e3d8f81'), condition=None, blocking_facility=None) for event ball_started. base mode's coil_player: section contains a "ball_started:" event which is also in the start_events: for the base mode. Change the coil_player: ball_started: event name to "mode_base_started:"
2025-03-14 23:09:31,214 : INFO : SwitchController : <<<<<<< 's_start' active >>>>>>>
2025-03-14 23:09:31,214 : INFO : EventManager : Event: ======'sw_start'====== Args={}
2025-03-14 23:09:31,215 : INFO : EventManager : Event: ======'machine_var_audits_switches_s_start'====== Args={'value': 103, 'prev_value': 102, 'change': 1}
2025-03-14 23:09:31,216 : INFO : EventManager : Event: ======'player_add_request'====== Args={}
2025-03-14 23:09:31,216 : INFO : EventManager : Event: ======'player_will_add'====== Args={'number': 2}
2025-03-14 23:09:31,216 : INFO : EventManager : Event: ======'player_adding'====== Args={'player': <Player 2>, 'number': 2}
2025-03-14 23:09:31,217 : INFO : EventManager : Event: ======'player_added'====== Args={'player': <Player 2>, 'num': 2}
2025-03-14 23:09:31,217 : INFO : Mode.game : Player added successfully. Total players: 2
2025-03-14 23:09:31,217 : INFO : EventManager : Event: ======'multiplayer_game'====== Args={}
2025-03-14 23:09:31,217 : INFO : EventManager : Event: ======'player_index'====== Args={'value': 1, 'prev_value': 1, 'change': 0, 'player_num': 2}
2025-03-14 23:09:31,218 : INFO : EventManager : Event: ======'player_number'====== Args={'value': 2, 'prev_value': 2, 'change': 0, 'player_num': 2}
2025-03-14 23:09:31,218 : INFO : EventManager : Event: ======'player_score'====== Args={'value': 0, 'prev_value': 0, 'change': 0, 'player_num': 2}
2025-03-14 23:09:31,218 : INFO : Machine : Shutting down...
2025-03-14 23:09:31,218 : INFO : EventManager : Event: ======'shutdown'====== Args={}
2025-03-14 23:09:31,219 : INFO : EventManager : Event: ======'mode_game_will_stop'====== Args={}
2025-03-14 23:09:31,219 : INFO : EventManager : Event: ======'mode_game_stopping'====== Args={}
2025-03-14 23:09:31,220 : INFO : Mode.game : Stopped.
2025-03-14 23:09:31,220 : INFO : EventManager : Event: ======'modes_active_modes_changed'====== Args={}
2025-03-14 23:09:31,220 : INFO : EventManager : Event: ======'mode_game_stopped'====== Args={}
2025-03-14 23:09:31,220 : INFO : EventManager : Event: ======'clear'====== Args={'key': 'game'}
2025-03-14 23:09:31,305 : INFO : SwitchController : <<<<<<< 's_start' inactive >>>>>>>
2025-03-14 23:09:31,305 : INFO : SwitchController : <<<<<<< 's_flipper_right_eos' inactive >>>>>>>
2025-03-14 23:09:31,322 : ERROR : Machine : Runtime Exception
Traceback (most recent call last):
  File "C:\Users\User\AppData\Local\Programs\Python\Python312\Lib\site-packages\mpf\core\events.py", line 755, in _run_handlers
    result = handler.callback(**merged_kwargs)
             ^^^^^^^^^^^^^^^^^^^^^^^^^^^^^^^^^
  File "C:\Users\User\AppData\Local\Programs\Python\Python312\Lib\site-packages\mpf\core\mode.py", line 218, in start
    result = item.method(config=self.config.get(item.config_section, self.config),
             ^^^^^^^^^^^^^^^^^^^^^^^^^^^^^^^^^^^^^^^^^^^^^^^^^^^^^^^^^^^^^^^^^^^^^
  File "C:\Users\User\AppData\Local\Programs\Python\Python312\Lib\site-packages\mpf\core\config_player.py", line 221, in mode_start
    event_keys = self.register_player_events(config, mode, priority)
                 ^^^^^^^^^^^^^^^^^^^^^^^^^^^^^^^^^^^^^^^^^^^^^^^^^^^
  File "C:\Users\User\AppData\Local\Programs\Python\Python312\Lib\site-packages\mpf\core\config_player.py", line 307, in register_player_events
    raise ValueError(
ValueError: base mode's coil_player: section contains a "ball_started:" event which is also in the start_events: for the base mode. Change the coil_player: ball_started: event name to "mode_base_started:"

The above exception was the direct cause of the following exception:

Traceback (most recent call last):
  File "C:\Users\User\AppData\Local\Programs\Python\Python312\Lib\site-packages\mpf\core\machine.py", line 808, in _run_loop
    raise self._exception['exception']
  File "C:\Users\User\AppData\Local\Programs\Python\Python312\Lib\asyncio\events.py", line 88, in _run
    self._context.run(self._callback, *self._args)
  File "C:\Users\User\AppData\Local\Programs\Python\Python312\Lib\site-packages\mpf\core\events.py", line 846, in process_event_queue
    self._process_event(event=event[0],
  File "C:\Users\User\AppData\Local\Programs\Python\Python312\Lib\site-packages\mpf\core\events.py", line 808, in _process_event
    result = self._run_handlers(event, ev_type, kwargs)
             ^^^^^^^^^^^^^^^^^^^^^^^^^^^^^^^^^^^^^^^^^^
  File "C:\Users\User\AppData\Local\Programs\Python\Python312\Lib\site-packages\mpf\core\events.py", line 757, in _run_handlers
    raise EventHandlerException(
mpf.core.events.EventHandlerException: Exception while processing RegisteredHandler(callback=<bound method Mode.start of <Mode.base>>, priority=100, kwargs={}, key=UUID('b6194ce5-2b99-43e5-a6e0-43841e3d8f81'), condition=None, blocking_facility=None) for event ball_started. base mode's coil_player: section contains a "ball_started:" event which is also in the start_events: for the base mode. Change the coil_player: ball_started: event name to "mode_base_started:"
2025-03-14 23:09:31,325 : INFO : root : MPF run loop ended.
